Compiling the CXX compiler identification source file "CMakeCXXCompilerId.cpp" failed.
Compiler: /usr/bin/arm-linux-gnueabihf-g++ 
Build flags: -mthumb;;-fdata-sections;-Wa,--noexecstack;-fsigned-char;-Wno-psabi
Id flags:  

The output was:
1
CMakeCXXCompilerId.cpp: In function ‘int main(int, char**)’:
CMakeCXXCompilerId.cpp:637:32: sorry, unimplemented: Thumb-1 hard-float VFP ABI
 int main(int argc, char* argv[])
                                ^


Compiling the CXX compiler identification source file "CMakeCXXCompilerId.cpp" failed.
Compiler: /usr/bin/arm-linux-gnueabihf-g++ 
Build flags: -mthumb;;-fdata-sections;-Wa,--noexecstack;-fsigned-char;-Wno-psabi
Id flags: -c 

The output was:
1
CMakeCXXCompilerId.cpp: In function ‘int main(int, char**)’:
CMakeCXXCompilerId.cpp:637:32: sorry, unimplemented: Thumb-1 hard-float VFP ABI
 int main(int argc, char* argv[])
                                ^


Compiling the CXX compiler identification source file "CMakeCXXCompilerId.cpp" failed.
Compiler: /usr/bin/arm-linux-gnueabihf-g++ 
Build flags: -mthumb;;-fdata-sections;-Wa,--noexecstack;-fsigned-char;-Wno-psabi
Id flags: --c++ 

The output was:
1
arm-linux-gnueabihf-g++: error: unrecognized command line option ‘--c++’


Compiling the CXX compiler identification source file "CMakeCXXCompilerId.cpp" failed.
Compiler: /usr/bin/arm-linux-gnueabihf-g++ 
Build flags: -mthumb;;-fdata-sections;-Wa,--noexecstack;-fsigned-char;-Wno-psabi
Id flags: --ec++ 

The output was:
1
arm-linux-gnueabihf-g++: error: unrecognized command line option ‘--ec++’; did you mean ‘-Weffc++’?


Compiling the CXX compiler identification source file "CMakeCXXCompilerId.cpp" failed.
Compiler: /usr/bin/arm-linux-gnueabihf-g++ 
Build flags: -mthumb;;-fdata-sections;-Wa,--noexecstack;-fsigned-char;-Wno-psabi
Id flags: --target=arm-arm-none-eabi;-mcpu=cortex-m3 

The output was:
1
arm-linux-gnueabihf-g++: error: unrecognized command line option ‘--target=arm-arm-none-eabi’


Compiling the C compiler identification source file "CMakeCCompilerId.c" failed.
Compiler: /usr/bin/arm-linux-gnueabihf-gcc 
Build flags: -mthumb;;-fdata-sections;-Wa,--noexecstack;-fsigned-char;-Wno-psabi
Id flags:  

The output was:
1
CMakeCCompilerId.c: In function ‘main’:
CMakeCCompilerId.c:647:1: sorry, unimplemented: Thumb-1 hard-float VFP ABI
 {
 ^


Compiling the C compiler identification source file "CMakeCCompilerId.c" failed.
Compiler: /usr/bin/arm-linux-gnueabihf-gcc 
Build flags: -mthumb;;-fdata-sections;-Wa,--noexecstack;-fsigned-char;-Wno-psabi
Id flags: -c 

The output was:
1
CMakeCCompilerId.c: In function ‘main’:
CMakeCCompilerId.c:647:1: sorry, unimplemented: Thumb-1 hard-float VFP ABI
 {
 ^


Compiling the C compiler identification source file "CMakeCCompilerId.c" failed.
Compiler: /usr/bin/arm-linux-gnueabihf-gcc 
Build flags: -mthumb;;-fdata-sections;-Wa,--noexecstack;-fsigned-char;-Wno-psabi
Id flags: -Aa 

The output was:
1
<command-line>: error: missing '(' after predicate
CMakeCCompilerId.c: In function ‘main’:
CMakeCCompilerId.c:647:1: sorry, unimplemented: Thumb-1 hard-float VFP ABI
 {
 ^


Compiling the C compiler identification source file "CMakeCCompilerId.c" failed.
Compiler: /usr/bin/arm-linux-gnueabihf-gcc 
Build flags: -mthumb;;-fdata-sections;-Wa,--noexecstack;-fsigned-char;-Wno-psabi
Id flags: -D__CLASSIC_C__ 

The output was:
1
CMakeCCompilerId.c: In function ‘main’:
CMakeCCompilerId.c:647:1: sorry, unimplemented: Thumb-1 hard-float VFP ABI
 {
 ^


Compiling the C compiler identification source file "CMakeCCompilerId.c" failed.
Compiler: /usr/bin/arm-linux-gnueabihf-gcc 
Build flags: -mthumb;;-fdata-sections;-Wa,--noexecstack;-fsigned-char;-Wno-psabi
Id flags: --target=arm-arm-none-eabi;-mcpu=cortex-m3 

The output was:
1
arm-linux-gnueabihf-gcc: error: unrecognized command line option ‘--target=arm-arm-none-eabi’


Determining if the CXX compiler works failed with the following output:
Change Dir: /home/pi/opencv_all/opencv-4.1.0/build/CMakeFiles/CMakeTmp

Run Build Command(s):/usr/bin/make cmTC_c9e85/fast && /usr/bin/make -f CMakeFiles/cmTC_c9e85.dir/build.make CMakeFiles/cmTC_c9e85.dir/build
make[1]: Entering directory '/home/pi/opencv_all/opencv-4.1.0/build/CMakeFiles/CMakeTmp'
Building CXX object CMakeFiles/cmTC_c9e85.dir/testCXXCompiler.cxx.o
/usr/bin/arm-linux-gnueabihf-g++    -mthumb  -fdata-sections -Wa,--noexecstack -fsigned-char -Wno-psabi  -fPIE   -o CMakeFiles/cmTC_c9e85.dir/testCXXCompiler.cxx.o -c /home/pi/opencv_all/opencv-4.1.0/build/CMakeFiles/CMakeTmp/testCXXCompiler.cxx
/home/pi/opencv_all/opencv-4.1.0/build/CMakeFiles/CMakeTmp/testCXXCompiler.cxx: In function ‘int main()’:
/home/pi/opencv_all/opencv-4.1.0/build/CMakeFiles/CMakeTmp/testCXXCompiler.cxx:4:10: sorry, unimplemented: Thumb-1 hard-float VFP ABI
 int main(){return 0;}
          ^
make[1]: *** [CMakeFiles/cmTC_c9e85.dir/build.make:66: CMakeFiles/cmTC_c9e85.dir/testCXXCompiler.cxx.o] Error 1
make[1]: Leaving directory '/home/pi/opencv_all/opencv-4.1.0/build/CMakeFiles/CMakeTmp'
make: *** [Makefile:121: cmTC_c9e85/fast] Error 2



Build output check failed:
    Regex: 'command line option .* is valid for .* but not for C\+\+'
    Output line: 'cc1plus: warning: command line option ‘-Wmissing-prototypes’ is valid for C/ObjC but not for C++'
Compilation failed:
    source file: '/home/pi/opencv_all/opencv-4.1.0/build/CMakeFiles/CMakeTmp/src.cxx'
    check option: ' -fsigned-char -W -Wall -Werror=return-type -Werror=non-virtual-dtor -Werror=address -Werror=sequence-point -Wformat -Werror=format-security -Wmissing-declarations  -Wmissing-prototypes'
===== BUILD LOG =====
Change Dir: /home/pi/opencv_all/opencv-4.1.0/build/CMakeFiles/CMakeTmp

Run Build Command(s):/usr/bin/make cmTC_6158b/fast && /usr/bin/make -f CMakeFiles/cmTC_6158b.dir/build.make CMakeFiles/cmTC_6158b.dir/build
make[1]: Entering directory '/home/pi/opencv_all/opencv-4.1.0/build/CMakeFiles/CMakeTmp'
Building CXX object CMakeFiles/cmTC_6158b.dir/src.cxx.o
/usr/bin/arm-linux-gnueabihf-g++    -O3 -DNDEBUG -fPIE    -fsigned-char -W -Wall -Werror=return-type -Werror=non-virtual-dtor -Werror=address -Werror=sequence-point -Wformat -Werror=format-security -Wmissing-declarations  -Wmissing-prototypes -std=c++11 -o CMakeFiles/cmTC_6158b.dir/src.cxx.o -c /home/pi/opencv_all/opencv-4.1.0/build/CMakeFiles/CMakeTmp/src.cxx
cc1plus: warning: command line option ‘-Wmissing-prototypes’ is valid for C/ObjC but not for C++
/home/pi/opencv_all/opencv-4.1.0/build/CMakeFiles/CMakeTmp/src.cxx:1: warning: ignoring #pragma   [-Wunknown-pragmas]
 #pragma
 
Linking CXX executable cmTC_6158b
/usr/bin/cmake -E cmake_link_script CMakeFiles/cmTC_6158b.dir/link.txt --verbose=1
/usr/bin/arm-linux-gnueabihf-g++    -O3 -DNDEBUG    CMakeFiles/cmTC_6158b.dir/src.cxx.o  -o cmTC_6158b 
make[1]: Leaving directory '/home/pi/opencv_all/opencv-4.1.0/build/CMakeFiles/CMakeTmp'


===== END =====

Build output check failed:
    Regex: 'command line option .* is valid for .* but not for C\+\+'
    Output line: 'cc1plus: warning: command line option ‘-Wstrict-prototypes’ is valid for C/ObjC but not for C++'
Compilation failed:
    source file: '/home/pi/opencv_all/opencv-4.1.0/build/CMakeFiles/CMakeTmp/src.cxx'
    check option: ' -fsigned-char -W -Wall -Werror=return-type -Werror=non-virtual-dtor -Werror=address -Werror=sequence-point -Wformat -Werror=format-security -Wmissing-declarations  -Wstrict-prototypes'
===== BUILD LOG =====
Change Dir: /home/pi/opencv_all/opencv-4.1.0/build/CMakeFiles/CMakeTmp

Run Build Command(s):/usr/bin/make cmTC_14e08/fast && /usr/bin/make -f CMakeFiles/cmTC_14e08.dir/build.make CMakeFiles/cmTC_14e08.dir/build
make[1]: Entering directory '/home/pi/opencv_all/opencv-4.1.0/build/CMakeFiles/CMakeTmp'
Building CXX object CMakeFiles/cmTC_14e08.dir/src.cxx.o
/usr/bin/arm-linux-gnueabihf-g++    -O3 -DNDEBUG -fPIE    -fsigned-char -W -Wall -Werror=return-type -Werror=non-virtual-dtor -Werror=address -Werror=sequence-point -Wformat -Werror=format-security -Wmissing-declarations  -Wstrict-prototypes -std=c++11 -o CMakeFiles/cmTC_14e08.dir/src.cxx.o -c /home/pi/opencv_all/opencv-4.1.0/build/CMakeFiles/CMakeTmp/src.cxx
cc1plus: warning: command line option ‘-Wstrict-prototypes’ is valid for C/ObjC but not for C++
/home/pi/opencv_all/opencv-4.1.0/build/CMakeFiles/CMakeTmp/src.cxx:1: warning: ignoring #pragma   [-Wunknown-pragmas]
 #pragma
 
Linking CXX executable cmTC_14e08
/usr/bin/cmake -E cmake_link_script CMakeFiles/cmTC_14e08.dir/link.txt --verbose=1
/usr/bin/arm-linux-gnueabihf-g++    -O3 -DNDEBUG    CMakeFiles/cmTC_14e08.dir/src.cxx.o  -o cmTC_14e08 
make[1]: Leaving directory '/home/pi/opencv_all/opencv-4.1.0/build/CMakeFiles/CMakeTmp'


===== END =====

Build output check failed:
    Regex: 'command line option .* is valid for .* but not for C'
    Output line: 'cc1: warning: command line option ‘-Wsign-promo’ is valid for C++/ObjC++ but not for C'
Compilation failed:
    source file: '/home/pi/opencv_all/opencv-4.1.0/build/CMakeFiles/CMakeTmp/src.c'
    check option: ' -fsigned-char -W -Wall -Werror=return-type -Werror=non-virtual-dtor -Werror=address -Werror=sequence-point -Wformat -Werror=format-security -Wmissing-declarations -Wmissing-prototypes -Wstrict-prototypes -Wundef -Winit-self -Wpointer-arith -Wshadow  -Wsign-promo'
===== BUILD LOG =====
Change Dir: /home/pi/opencv_all/opencv-4.1.0/build/CMakeFiles/CMakeTmp

Run Build Command(s):/usr/bin/make cmTC_88654/fast && /usr/bin/make -f CMakeFiles/cmTC_88654.dir/build.make CMakeFiles/cmTC_88654.dir/build
make[1]: Entering directory '/home/pi/opencv_all/opencv-4.1.0/build/CMakeFiles/CMakeTmp'
Building C object CMakeFiles/cmTC_88654.dir/src.c.o
/usr/bin/arm-linux-gnueabihf-gcc   -O3 -DNDEBUG -fPIE    -fsigned-char -W -Wall -Werror=return-type -Werror=non-virtual-dtor -Werror=address -Werror=sequence-point -Wformat -Werror=format-security -Wmissing-declarations -Wmissing-prototypes -Wstrict-prototypes -Wundef -Winit-self -Wpointer-arith -Wshadow  -Wsign-promo -o CMakeFiles/cmTC_88654.dir/src.c.o   -c /home/pi/opencv_all/opencv-4.1.0/build/CMakeFiles/CMakeTmp/src.c
cc1: warning: command line option ‘-Wsign-promo’ is valid for C++/ObjC++ but not for C
/home/pi/opencv_all/opencv-4.1.0/build/CMakeFiles/CMakeTmp/src.c:1: warning: ignoring #pragma   [-Wunknown-pragmas]
 #pragma
 
Linking C executable cmTC_88654
/usr/bin/cmake -E cmake_link_script CMakeFiles/cmTC_88654.dir/link.txt --verbose=1
/usr/bin/arm-linux-gnueabihf-gcc   -O3 -DNDEBUG    CMakeFiles/cmTC_88654.dir/src.c.o  -o cmTC_88654 
make[1]: Leaving directory '/home/pi/opencv_all/opencv-4.1.0/build/CMakeFiles/CMakeTmp'


===== END =====

Build output check failed:
    Regex: 'command line option .* is valid for .* but not for C'
    Output line: 'cc1: warning: command line option ‘-Wsuggest-override’ is valid for C++/ObjC++ but not for C'
Compilation failed:
    source file: '/home/pi/opencv_all/opencv-4.1.0/build/CMakeFiles/CMakeTmp/src.c'
    check option: ' -fsigned-char -W -Wall -Werror=return-type -Werror=non-virtual-dtor -Werror=address -Werror=sequence-point -Wformat -Werror=format-security -Wmissing-declarations -Wmissing-prototypes -Wstrict-prototypes -Wundef -Winit-self -Wpointer-arith -Wshadow -Wuninitialized -Winit-self  -Wsuggest-override'
===== BUILD LOG =====
Change Dir: /home/pi/opencv_all/opencv-4.1.0/build/CMakeFiles/CMakeTmp

Run Build Command(s):/usr/bin/make cmTC_92b53/fast && /usr/bin/make -f CMakeFiles/cmTC_92b53.dir/build.make CMakeFiles/cmTC_92b53.dir/build
make[1]: Entering directory '/home/pi/opencv_all/opencv-4.1.0/build/CMakeFiles/CMakeTmp'
Building C object CMakeFiles/cmTC_92b53.dir/src.c.o
/usr/bin/arm-linux-gnueabihf-gcc   -O3 -DNDEBUG -fPIE    -fsigned-char -W -Wall -Werror=return-type -Werror=non-virtual-dtor -Werror=address -Werror=sequence-point -Wformat -Werror=format-security -Wmissing-declarations -Wmissing-prototypes -Wstrict-prototypes -Wundef -Winit-self -Wpointer-arith -Wshadow -Wuninitialized -Winit-self  -Wsuggest-override -o CMakeFiles/cmTC_92b53.dir/src.c.o   -c /home/pi/opencv_all/opencv-4.1.0/build/CMakeFiles/CMakeTmp/src.c
cc1: warning: command line option ‘-Wsuggest-override’ is valid for C++/ObjC++ but not for C
/home/pi/opencv_all/opencv-4.1.0/build/CMakeFiles/CMakeTmp/src.c:1: warning: ignoring #pragma   [-Wunknown-pragmas]
 #pragma
 
Linking C executable cmTC_92b53
/usr/bin/cmake -E cmake_link_script CMakeFiles/cmTC_92b53.dir/link.txt --verbose=1
/usr/bin/arm-linux-gnueabihf-gcc   -O3 -DNDEBUG    CMakeFiles/cmTC_92b53.dir/src.c.o  -o cmTC_92b53 
make[1]: Leaving directory '/home/pi/opencv_all/opencv-4.1.0/build/CMakeFiles/CMakeTmp'


===== END =====

Build output check failed:
    Regex: 'command line option .* is valid for .* but not for C'
    Output line: 'cc1: warning: command line option ‘-Wno-delete-non-virtual-dtor’ is valid for C++/ObjC++ but not for C'
Compilation failed:
    source file: '/home/pi/opencv_all/opencv-4.1.0/build/CMakeFiles/CMakeTmp/src.c'
    check option: ' -fsigned-char -W -Wall -Werror=return-type -Werror=non-virtual-dtor -Werror=address -Werror=sequence-point -Wformat -Werror=format-security -Wmissing-declarations -Wmissing-prototypes -Wstrict-prototypes -Wundef -Winit-self -Wpointer-arith -Wshadow -Wuninitialized -Winit-self  -Wno-delete-non-virtual-dtor'
===== BUILD LOG =====
Change Dir: /home/pi/opencv_all/opencv-4.1.0/build/CMakeFiles/CMakeTmp

Run Build Command(s):/usr/bin/make cmTC_919ec/fast && /usr/bin/make -f CMakeFiles/cmTC_919ec.dir/build.make CMakeFiles/cmTC_919ec.dir/build
make[1]: Entering directory '/home/pi/opencv_all/opencv-4.1.0/build/CMakeFiles/CMakeTmp'
Building C object CMakeFiles/cmTC_919ec.dir/src.c.o
/usr/bin/arm-linux-gnueabihf-gcc   -O3 -DNDEBUG -fPIE    -fsigned-char -W -Wall -Werror=return-type -Werror=non-virtual-dtor -Werror=address -Werror=sequence-point -Wformat -Werror=format-security -Wmissing-declarations -Wmissing-prototypes -Wstrict-prototypes -Wundef -Winit-self -Wpointer-arith -Wshadow -Wuninitialized -Winit-self  -Wno-delete-non-virtual-dtor -o CMakeFiles/cmTC_919ec.dir/src.c.o   -c /home/pi/opencv_all/opencv-4.1.0/build/CMakeFiles/CMakeTmp/src.c
cc1: warning: command line option ‘-Wno-delete-non-virtual-dtor’ is valid for C++/ObjC++ but not for C
/home/pi/opencv_all/opencv-4.1.0/build/CMakeFiles/CMakeTmp/src.c:1: warning: ignoring #pragma   [-Wunknown-pragmas]
 #pragma
 
Linking C executable cmTC_919ec
/usr/bin/cmake -E cmake_link_script CMakeFiles/cmTC_919ec.dir/link.txt --verbose=1
/usr/bin/arm-linux-gnueabihf-gcc   -O3 -DNDEBUG    CMakeFiles/cmTC_919ec.dir/src.c.o  -o cmTC_919ec 
make[1]: Leaving directory '/home/pi/opencv_all/opencv-4.1.0/build/CMakeFiles/CMakeTmp'


===== END =====

Build output check failed:
    Regex: 'unrecognized .*option'
    Output line: 'cc1plus: warning: unrecognized command line option ‘-Wno-unnamed-type-template-args’'
Compilation failed:
    source file: '/home/pi/opencv_all/opencv-4.1.0/build/CMakeFiles/CMakeTmp/src.cxx'
    check option: ' -fsigned-char -W -Wall -Werror=return-type -Werror=non-virtual-dtor -Werror=address -Werror=sequence-point -Wformat -Werror=format-security -Wmissing-declarations -Wundef -Winit-self -Wpointer-arith -Wshadow -Wsign-promo -Wuninitialized -Winit-self -Wsuggest-override -Wno-delete-non-virtual-dtor  -Wno-unnamed-type-template-args'
===== BUILD LOG =====
Change Dir: /home/pi/opencv_all/opencv-4.1.0/build/CMakeFiles/CMakeTmp

Run Build Command(s):/usr/bin/make cmTC_e499d/fast && /usr/bin/make -f CMakeFiles/cmTC_e499d.dir/build.make CMakeFiles/cmTC_e499d.dir/build
make[1]: Entering directory '/home/pi/opencv_all/opencv-4.1.0/build/CMakeFiles/CMakeTmp'
Building CXX object CMakeFiles/cmTC_e499d.dir/src.cxx.o
/usr/bin/arm-linux-gnueabihf-g++    -O3 -DNDEBUG -fPIE    -fsigned-char -W -Wall -Werror=return-type -Werror=non-virtual-dtor -Werror=address -Werror=sequence-point -Wformat -Werror=format-security -Wmissing-declarations -Wundef -Winit-self -Wpointer-arith -Wshadow -Wsign-promo -Wuninitialized -Winit-self -Wsuggest-override -Wno-delete-non-virtual-dtor  -Wno-unnamed-type-template-args -std=c++11 -o CMakeFiles/cmTC_e499d.dir/src.cxx.o -c /home/pi/opencv_all/opencv-4.1.0/build/CMakeFiles/CMakeTmp/src.cxx
/home/pi/opencv_all/opencv-4.1.0/build/CMakeFiles/CMakeTmp/src.cxx:1: warning: ignoring #pragma   [-Wunknown-pragmas]
 #pragma
 
cc1plus: warning: unrecognized command line option ‘-Wno-unnamed-type-template-args’
Linking CXX executable cmTC_e499d
/usr/bin/cmake -E cmake_link_script CMakeFiles/cmTC_e499d.dir/link.txt --verbose=1
/usr/bin/arm-linux-gnueabihf-g++    -O3 -DNDEBUG    CMakeFiles/cmTC_e499d.dir/src.cxx.o  -o cmTC_e499d 
make[1]: Leaving directory '/home/pi/opencv_all/opencv-4.1.0/build/CMakeFiles/CMakeTmp'


===== END =====

Build output check failed:
    Regex: 'unrecognized .*option'
    Output line: 'cc1: warning: unrecognized command line option ‘-Wno-unnamed-type-template-args’'
Compilation failed:
    source file: '/home/pi/opencv_all/opencv-4.1.0/build/CMakeFiles/CMakeTmp/src.c'
    check option: ' -fsigned-char -W -Wall -Werror=return-type -Werror=non-virtual-dtor -Werror=address -Werror=sequence-point -Wformat -Werror=format-security -Wmissing-declarations -Wmissing-prototypes -Wstrict-prototypes -Wundef -Winit-self -Wpointer-arith -Wshadow -Wuninitialized -Winit-self  -Wno-unnamed-type-template-args'
===== BUILD LOG =====
Change Dir: /home/pi/opencv_all/opencv-4.1.0/build/CMakeFiles/CMakeTmp

Run Build Command(s):/usr/bin/make cmTC_ed594/fast && /usr/bin/make -f CMakeFiles/cmTC_ed594.dir/build.make CMakeFiles/cmTC_ed594.dir/build
make[1]: Entering directory '/home/pi/opencv_all/opencv-4.1.0/build/CMakeFiles/CMakeTmp'
Building C object CMakeFiles/cmTC_ed594.dir/src.c.o
/usr/bin/arm-linux-gnueabihf-gcc   -O3 -DNDEBUG -fPIE    -fsigned-char -W -Wall -Werror=return-type -Werror=non-virtual-dtor -Werror=address -Werror=sequence-point -Wformat -Werror=format-security -Wmissing-declarations -Wmissing-prototypes -Wstrict-prototypes -Wundef -Winit-self -Wpointer-arith -Wshadow -Wuninitialized -Winit-self  -Wno-unnamed-type-template-args -o CMakeFiles/cmTC_ed594.dir/src.c.o   -c /home/pi/opencv_all/opencv-4.1.0/build/CMakeFiles/CMakeTmp/src.c
/home/pi/opencv_all/opencv-4.1.0/build/CMakeFiles/CMakeTmp/src.c:1: warning: ignoring #pragma   [-Wunknown-pragmas]
 #pragma
 
cc1: warning: unrecognized command line option ‘-Wno-unnamed-type-template-args’
Linking C executable cmTC_ed594
/usr/bin/cmake -E cmake_link_script CMakeFiles/cmTC_ed594.dir/link.txt --verbose=1
/usr/bin/arm-linux-gnueabihf-gcc   -O3 -DNDEBUG    CMakeFiles/cmTC_ed594.dir/src.c.o  -o cmTC_ed594 
make[1]: Leaving directory '/home/pi/opencv_all/opencv-4.1.0/build/CMakeFiles/CMakeTmp'


===== END =====

Compilation failed:
    source file: '/home/pi/opencv_all/opencv-4.1.0/cmake/checks/cpu_neon.cpp'
    check option: ' -mfpu=vfpv3'
===== BUILD LOG =====
Change Dir: /home/pi/opencv_all/opencv-4.1.0/build/CMakeFiles/CMakeTmp

Run Build Command(s):/usr/bin/make cmTC_fd0a6/fast && /usr/bin/make -f CMakeFiles/cmTC_fd0a6.dir/build.make CMakeFiles/cmTC_fd0a6.dir/build
make[1]: Entering directory '/home/pi/opencv_all/opencv-4.1.0/build/CMakeFiles/CMakeTmp'
Building CXX object CMakeFiles/cmTC_fd0a6.dir/cpu_neon.cpp.o
/usr/bin/arm-linux-gnueabihf-g++    -O3 -DNDEBUG -fPIE    -mfpu=vfpv3 -std=c++11 -o CMakeFiles/cmTC_fd0a6.dir/cpu_neon.cpp.o -c /home/pi/opencv_all/opencv-4.1.0/cmake/checks/cpu_neon.cpp
/home/pi/opencv_all/opencv-4.1.0/cmake/checks/cpu_neon.cpp:20:2: error: #error "NEON is not supported"
 #error "NEON is not supported"
  ^~~~~
/home/pi/opencv_all/opencv-4.1.0/cmake/checks/cpu_neon.cpp: In function ‘int main()’:
/home/pi/opencv_all/opencv-4.1.0/cmake/checks/cpu_neon.cpp:25:18: error: ‘test’ was not declared in this scope
   printf("%d\n", test());
                  ^~~~
make[1]: *** [CMakeFiles/cmTC_fd0a6.dir/build.make:66: CMakeFiles/cmTC_fd0a6.dir/cpu_neon.cpp.o] Error 1
make[1]: Leaving directory '/home/pi/opencv_all/opencv-4.1.0/build/CMakeFiles/CMakeTmp'
make: *** [Makefile:121: cmTC_fd0a6/fast] Error 2


===== END =====

Compilation failed:
    source file: '/home/pi/opencv_all/opencv-4.1.0/cmake/checks/cpu_fp16.cpp'
    check option: ' -mfpu=neon'
===== BUILD LOG =====
Change Dir: /home/pi/opencv_all/opencv-4.1.0/build/CMakeFiles/CMakeTmp

Run Build Command(s):/usr/bin/make cmTC_f5f89/fast && /usr/bin/make -f CMakeFiles/cmTC_f5f89.dir/build.make CMakeFiles/cmTC_f5f89.dir/build
make[1]: Entering directory '/home/pi/opencv_all/opencv-4.1.0/build/CMakeFiles/CMakeTmp'
Building CXX object CMakeFiles/cmTC_f5f89.dir/cpu_fp16.cpp.o
/usr/bin/arm-linux-gnueabihf-g++    -O3 -DNDEBUG -fPIE    -mfpu=neon -std=c++11 -o CMakeFiles/cmTC_f5f89.dir/cpu_fp16.cpp.o -c /home/pi/opencv_all/opencv-4.1.0/cmake/checks/cpu_fp16.cpp
/home/pi/opencv_all/opencv-4.1.0/cmake/checks/cpu_fp16.cpp: In function ‘int test()’:
/home/pi/opencv_all/opencv-4.1.0/cmake/checks/cpu_fp16.cpp:21:5: error: ‘float16x4_t’ was not declared in this scope
     float16x4_t v_dst = vcvt_f16_f32(v_src);
     ^~~~~~~~~~~
/home/pi/opencv_all/opencv-4.1.0/cmake/checks/cpu_fp16.cpp:21:5: note: suggested alternative: ‘float32x4_t’
     float16x4_t v_dst = vcvt_f16_f32(v_src);
     ^~~~~~~~~~~
     float32x4_t
/home/pi/opencv_all/opencv-4.1.0/cmake/checks/cpu_fp16.cpp:22:19: error: expected primary-expression before ‘)’ token
     *(float16x4_t*)dst = v_dst;
                   ^
make[1]: *** [CMakeFiles/cmTC_f5f89.dir/build.make:66: CMakeFiles/cmTC_f5f89.dir/cpu_fp16.cpp.o] Error 1
make[1]: Leaving directory '/home/pi/opencv_all/opencv-4.1.0/build/CMakeFiles/CMakeTmp'
make: *** [Makefile:121: cmTC_f5f89/fast] Error 2


===== END =====

Compilation failed:
    source file: '/home/pi/opencv_all/opencv-4.1.0/cmake/checks/cpu_fp16.cpp'
    check option: ' -mfpu=neon-fp16'
===== BUILD LOG =====
Change Dir: /home/pi/opencv_all/opencv-4.1.0/build/CMakeFiles/CMakeTmp

Run Build Command(s):/usr/bin/make cmTC_4d489/fast && /usr/bin/make -f CMakeFiles/cmTC_4d489.dir/build.make CMakeFiles/cmTC_4d489.dir/build
make[1]: Entering directory '/home/pi/opencv_all/opencv-4.1.0/build/CMakeFiles/CMakeTmp'
Building CXX object CMakeFiles/cmTC_4d489.dir/cpu_fp16.cpp.o
/usr/bin/arm-linux-gnueabihf-g++    -O3 -DNDEBUG -fPIE    -mfpu=neon-fp16 -std=c++11 -o CMakeFiles/cmTC_4d489.dir/cpu_fp16.cpp.o -c /home/pi/opencv_all/opencv-4.1.0/cmake/checks/cpu_fp16.cpp
/home/pi/opencv_all/opencv-4.1.0/cmake/checks/cpu_fp16.cpp: In function ‘int test()’:
/home/pi/opencv_all/opencv-4.1.0/cmake/checks/cpu_fp16.cpp:21:5: error: ‘float16x4_t’ was not declared in this scope
     float16x4_t v_dst = vcvt_f16_f32(v_src);
     ^~~~~~~~~~~
/home/pi/opencv_all/opencv-4.1.0/cmake/checks/cpu_fp16.cpp:21:5: note: suggested alternative: ‘float32x4_t’
     float16x4_t v_dst = vcvt_f16_f32(v_src);
     ^~~~~~~~~~~
     float32x4_t
/home/pi/opencv_all/opencv-4.1.0/cmake/checks/cpu_fp16.cpp:22:19: error: expected primary-expression before ‘)’ token
     *(float16x4_t*)dst = v_dst;
                   ^
make[1]: *** [CMakeFiles/cmTC_4d489.dir/build.make:66: CMakeFiles/cmTC_4d489.dir/cpu_fp16.cpp.o] Error 1
make[1]: Leaving directory '/home/pi/opencv_all/opencv-4.1.0/build/CMakeFiles/CMakeTmp'
make: *** [Makefile:121: cmTC_4d489/fast] Error 2


===== END =====

Build output check failed:
    Regex: 'command line option .* is valid for .* but not for C'
    Output line: 'cc1: warning: command line option ‘-fvisibility-inlines-hidden’ is valid for C++/ObjC++ but not for C'
Compilation failed:
    source file: '/home/pi/opencv_all/opencv-4.1.0/build/CMakeFiles/CMakeTmp/src.c'
    check option: ' -fsigned-char -W -Wall -Werror=return-type -Werror=non-virtual-dtor -Werror=address -Werror=sequence-point -Wformat -Werror=format-security -Wmissing-declarations -Wmissing-prototypes -Wstrict-prototypes -Wundef -Winit-self -Wpointer-arith -Wshadow -Wuninitialized -Winit-self -Wno-comment -Wimplicit-fallthrough=3 -Wno-strict-overflow -fdiagnostics-show-option -pthread -fomit-frame-pointer -ffunction-sections -fdata-sections  -mfpu=neon -mfp16-format=ieee -fvisibility=hidden  -fvisibility-inlines-hidden'
===== BUILD LOG =====
Change Dir: /home/pi/opencv_all/opencv-4.1.0/build/CMakeFiles/CMakeTmp

Run Build Command(s):/usr/bin/make cmTC_fd032/fast && /usr/bin/make -f CMakeFiles/cmTC_fd032.dir/build.make CMakeFiles/cmTC_fd032.dir/build
make[1]: Entering directory '/home/pi/opencv_all/opencv-4.1.0/build/CMakeFiles/CMakeTmp'
Building C object CMakeFiles/cmTC_fd032.dir/src.c.o
/usr/bin/arm-linux-gnueabihf-gcc   -O3 -DNDEBUG -fPIE    -fsigned-char -W -Wall -Werror=return-type -Werror=non-virtual-dtor -Werror=address -Werror=sequence-point -Wformat -Werror=format-security -Wmissing-declarations -Wmissing-prototypes -Wstrict-prototypes -Wundef -Winit-self -Wpointer-arith -Wshadow -Wuninitialized -Winit-self -Wno-comment -Wimplicit-fallthrough=3 -Wno-strict-overflow -fdiagnostics-show-option -pthread -fomit-frame-pointer -ffunction-sections -fdata-sections  -mfpu=neon -mfp16-format=ieee -fvisibility=hidden  -fvisibility-inlines-hidden -o CMakeFiles/cmTC_fd032.dir/src.c.o   -c /home/pi/opencv_all/opencv-4.1.0/build/CMakeFiles/CMakeTmp/src.c
cc1: warning: command line option ‘-fvisibility-inlines-hidden’ is valid for C++/ObjC++ but not for C
/home/pi/opencv_all/opencv-4.1.0/build/CMakeFiles/CMakeTmp/src.c:1: warning: ignoring #pragma   [-Wunknown-pragmas]
 #pragma
 
Linking C executable cmTC_fd032
/usr/bin/cmake -E cmake_link_script CMakeFiles/cmTC_fd032.dir/link.txt --verbose=1
/usr/bin/arm-linux-gnueabihf-gcc   -O3 -DNDEBUG    CMakeFiles/cmTC_fd032.dir/src.c.o  -o cmTC_fd032 
make[1]: Leaving directory '/home/pi/opencv_all/opencv-4.1.0/build/CMakeFiles/CMakeTmp'


===== END =====

Determining size of off64_t failed with the following output:
Change Dir: /home/pi/opencv_all/opencv-4.1.0/build/CMakeFiles/CMakeTmp

Run Build Command(s):/usr/bin/make cmTC_1e6b7/fast && /usr/bin/make -f CMakeFiles/cmTC_1e6b7.dir/build.make CMakeFiles/cmTC_1e6b7.dir/build
make[1]: Entering directory '/home/pi/opencv_all/opencv-4.1.0/build/CMakeFiles/CMakeTmp'
Building C object CMakeFiles/cmTC_1e6b7.dir/OFF64_T.c.o
/usr/bin/arm-linux-gnueabihf-gcc   -fsigned-char -W -Wall -Werror=return-type -Werror=non-virtual-dtor -Werror=address -Werror=sequence-point -Wformat -Werror=format-security -Wmissing-declarations -Wmissing-prototypes -Wstrict-prototypes -Wundef -Winit-self -Wpointer-arith -Wshadow -Wuninitialized -Winit-self -Wno-comment -Wimplicit-fallthrough=3 -Wno-strict-overflow -fdiagnostics-show-option -pthread -fomit-frame-pointer -ffunction-sections -fdata-sections  -mfpu=neon -mfp16-format=ieee -fvisibility=hidden  -O3 -DNDEBUG -fPIE   -o CMakeFiles/cmTC_1e6b7.dir/OFF64_T.c.o   -c /home/pi/opencv_all/opencv-4.1.0/build/CMakeFiles/CheckTypeSize/OFF64_T.c
/home/pi/opencv_all/opencv-4.1.0/build/CMakeFiles/CheckTypeSize/OFF64_T.c:23:22: error: ‘off64_t’ undeclared here (not in a function); did you mean ‘off_t’?
 #define SIZE (sizeof(off64_t))
                      ^~~~~~~
/home/pi/opencv_all/opencv-4.1.0/build/CMakeFiles/CheckTypeSize/OFF64_T.c:25:12: note: in expansion of macro ‘SIZE’
   ('0' + ((SIZE / 10000)%10)),
            ^~~~
make[1]: *** [CMakeFiles/cmTC_1e6b7.dir/build.make:66: CMakeFiles/cmTC_1e6b7.dir/OFF64_T.c.o] Error 1
make[1]: Leaving directory '/home/pi/opencv_all/opencv-4.1.0/build/CMakeFiles/CMakeTmp'
make: *** [Makefile:121: cmTC_1e6b7/fast] Error 2


/home/pi/opencv_all/opencv-4.1.0/build/CMakeFiles/CheckTypeSize/OFF64_T.c:
#include <sys/types.h>
#include <stdint.h>
#include <stddef.h>


#undef KEY
#if defined(__i386)
# define KEY '_','_','i','3','8','6'
#elif defined(__x86_64)
# define KEY '_','_','x','8','6','_','6','4'
#elif defined(__ppc__)
# define KEY '_','_','p','p','c','_','_'
#elif defined(__ppc64__)
# define KEY '_','_','p','p','c','6','4','_','_'
#elif defined(__aarch64__)
# define KEY '_','_','a','a','r','c','h','6','4','_','_'
#elif defined(__ARM_ARCH_7A__)
# define KEY '_','_','A','R','M','_','A','R','C','H','_','7','A','_','_'
#elif defined(__ARM_ARCH_7S__)
# define KEY '_','_','A','R','M','_','A','R','C','H','_','7','S','_','_'
#endif

#define SIZE (sizeof(off64_t))
static char info_size[] =  {'I', 'N', 'F', 'O', ':', 's','i','z','e','[',
  ('0' + ((SIZE / 10000)%10)),
  ('0' + ((SIZE / 1000)%10)),
  ('0' + ((SIZE / 100)%10)),
  ('0' + ((SIZE / 10)%10)),
  ('0' +  (SIZE    % 10)),
  ']',
#ifdef KEY
  ' ','k','e','y','[', KEY, ']',
#endif
  '\0'};

#ifdef __CLASSIC_C__
int main(argc, argv) int argc; char *argv[];
#else
int main(int argc, char *argv[])
#endif
{
  int require = 0;
  require += info_size[argc];
  (void)argv;
  return require;
}


Build output check failed:
    Regex: 'unrecognized .*option'
    Output line: 'cc1: warning: unrecognized command line option ‘-Wno-shorten-64-to-32’'
Compilation failed:
    source file: '/home/pi/opencv_all/opencv-4.1.0/build/CMakeFiles/CMakeTmp/src.c'
    check option: ' -Wno-shorten-64-to-32'
===== BUILD LOG =====
Change Dir: /home/pi/opencv_all/opencv-4.1.0/build/CMakeFiles/CMakeTmp

Run Build Command(s):/usr/bin/make cmTC_76d48/fast && /usr/bin/make -f CMakeFiles/cmTC_76d48.dir/build.make CMakeFiles/cmTC_76d48.dir/build
make[1]: Entering directory '/home/pi/opencv_all/opencv-4.1.0/build/CMakeFiles/CMakeTmp'
Building C object CMakeFiles/cmTC_76d48.dir/src.c.o
/usr/bin/arm-linux-gnueabihf-gcc   -fsigned-char -W -Wall -Werror=return-type -Werror=non-virtual-dtor -Werror=address -Werror=sequence-point -Wformat -Werror=format-security -Wmissing-declarations -Wmissing-prototypes -Wstrict-prototypes -Wundef -Winit-self -Wpointer-arith -Wshadow -Wuninitialized -Winit-self -Wno-comment -Wimplicit-fallthrough=3 -Wno-strict-overflow -fdiagnostics-show-option -pthread -fomit-frame-pointer -ffunction-sections -fdata-sections  -mfpu=neon -mfp16-format=ieee -fvisibility=hidden  -O3 -DNDEBUG -fPIE    -Wno-shorten-64-to-32 -o CMakeFiles/cmTC_76d48.dir/src.c.o   -c /home/pi/opencv_all/opencv-4.1.0/build/CMakeFiles/CMakeTmp/src.c
/home/pi/opencv_all/opencv-4.1.0/build/CMakeFiles/CMakeTmp/src.c:1: warning: ignoring #pragma   [-Wunknown-pragmas]
 #pragma
 
cc1: warning: unrecognized command line option ‘-Wno-shorten-64-to-32’
Linking C executable cmTC_76d48
/usr/bin/cmake -E cmake_link_script CMakeFiles/cmTC_76d48.dir/link.txt --verbose=1
/usr/bin/arm-linux-gnueabihf-gcc    -fsigned-char -W -Wall -Werror=return-type -Werror=non-virtual-dtor -Werror=address -Werror=sequence-point -Wformat -Werror=format-security -Wmissing-declarations -Wmissing-prototypes -Wstrict-prototypes -Wundef -Winit-self -Wpointer-arith -Wshadow -Wuninitialized -Winit-self -Wno-comment -Wimplicit-fallthrough=3 -Wno-strict-overflow -fdiagnostics-show-option -pthread -fomit-frame-pointer -ffunction-sections -fdata-sections  -mfpu=neon -mfp16-format=ieee -fvisibility=hidden  -O3 -DNDEBUG    -Wl,--gc-sections  CMakeFiles/cmTC_76d48.dir/src.c.o  -o cmTC_76d48 
make[1]: Leaving directory '/home/pi/opencv_all/opencv-4.1.0/build/CMakeFiles/CMakeTmp'


===== END =====

Determining if the include file io.h exists failed with the following output:
Change Dir: /home/pi/opencv_all/opencv-4.1.0/build/CMakeFiles/CMakeTmp

Run Build Command(s):/usr/bin/make cmTC_28646/fast && /usr/bin/make -f CMakeFiles/cmTC_28646.dir/build.make CMakeFiles/cmTC_28646.dir/build
make[1]: Entering directory '/home/pi/opencv_all/opencv-4.1.0/build/CMakeFiles/CMakeTmp'
Building C object CMakeFiles/cmTC_28646.dir/CheckIncludeFile.c.o
/usr/bin/arm-linux-gnueabihf-gcc   -fsigned-char -W -Wall -Werror=return-type -Werror=non-virtual-dtor -Werror=address -Werror=sequence-point -Wformat -Werror=format-security -Wmissing-declarations -Wmissing-prototypes -Wstrict-prototypes -Wundef -Winit-self -Wpointer-arith -Wshadow -Wuninitialized -Winit-self -Wno-comment -Wimplicit-fallthrough=3 -Wno-strict-overflow -fdiagnostics-show-option -pthread -fomit-frame-pointer -ffunction-sections -fdata-sections  -mfpu=neon -mfp16-format=ieee -fvisibility=hidden  -O3 -DNDEBUG -fPIE   -o CMakeFiles/cmTC_28646.dir/CheckIncludeFile.c.o   -c /home/pi/opencv_all/opencv-4.1.0/build/CMakeFiles/CMakeTmp/CheckIncludeFile.c
/home/pi/opencv_all/opencv-4.1.0/build/CMakeFiles/CMakeTmp/CheckIncludeFile.c:1:10: fatal error: io.h: No such file or directory
 #include <io.h>
          ^~~~~~
compilation terminated.
make[1]: *** [CMakeFiles/cmTC_28646.dir/build.make:66: CMakeFiles/cmTC_28646.dir/CheckIncludeFile.c.o] Error 1
make[1]: Leaving directory '/home/pi/opencv_all/opencv-4.1.0/build/CMakeFiles/CMakeTmp'
make: *** [Makefile:121: cmTC_28646/fast] Error 2



Determining size of INT8 failed with the following output:
Change Dir: /home/pi/opencv_all/opencv-4.1.0/build/CMakeFiles/CMakeTmp

Run Build Command(s):/usr/bin/make cmTC_db68d/fast && /usr/bin/make -f CMakeFiles/cmTC_db68d.dir/build.make CMakeFiles/cmTC_db68d.dir/build
make[1]: Entering directory '/home/pi/opencv_all/opencv-4.1.0/build/CMakeFiles/CMakeTmp'
Building C object CMakeFiles/cmTC_db68d.dir/int8.c.o
/usr/bin/arm-linux-gnueabihf-gcc   -fsigned-char -W -Wall -Werror=return-type -Werror=non-virtual-dtor -Werror=address -Werror=sequence-point -Wformat -Werror=format-security -Wmissing-declarations -Wmissing-prototypes -Wstrict-prototypes -Wundef -Winit-self -Wpointer-arith -Wshadow -Wuninitialized -Winit-self -Wno-comment -Wimplicit-fallthrough=3 -Wno-strict-overflow -fdiagnostics-show-option -pthread -fomit-frame-pointer -ffunction-sections -fdata-sections  -mfpu=neon -mfp16-format=ieee -fvisibility=hidden  -O3 -DNDEBUG -fPIE   -o CMakeFiles/cmTC_db68d.dir/int8.c.o   -c /home/pi/opencv_all/opencv-4.1.0/build/CMakeFiles/CheckTypeSize/int8.c
/home/pi/opencv_all/opencv-4.1.0/build/CMakeFiles/CheckTypeSize/int8.c:23:22: error: ‘INT8’ undeclared here (not in a function); did you mean ‘INT8_C’?
 #define SIZE (sizeof(INT8))
                      ^~~~
/home/pi/opencv_all/opencv-4.1.0/build/CMakeFiles/CheckTypeSize/int8.c:25:12: note: in expansion of macro ‘SIZE’
   ('0' + ((SIZE / 10000)%10)),
            ^~~~
make[1]: *** [CMakeFiles/cmTC_db68d.dir/build.make:66: CMakeFiles/cmTC_db68d.dir/int8.c.o] Error 1
make[1]: Leaving directory '/home/pi/opencv_all/opencv-4.1.0/build/CMakeFiles/CMakeTmp'
make: *** [Makefile:121: cmTC_db68d/fast] Error 2


/home/pi/opencv_all/opencv-4.1.0/build/CMakeFiles/CheckTypeSize/int8.c:
#include <sys/types.h>
#include <stdint.h>
#include <stddef.h>


#undef KEY
#if defined(__i386)
# define KEY '_','_','i','3','8','6'
#elif defined(__x86_64)
# define KEY '_','_','x','8','6','_','6','4'
#elif defined(__ppc__)
# define KEY '_','_','p','p','c','_','_'
#elif defined(__ppc64__)
# define KEY '_','_','p','p','c','6','4','_','_'
#elif defined(__aarch64__)
# define KEY '_','_','a','a','r','c','h','6','4','_','_'
#elif defined(__ARM_ARCH_7A__)
# define KEY '_','_','A','R','M','_','A','R','C','H','_','7','A','_','_'
#elif defined(__ARM_ARCH_7S__)
# define KEY '_','_','A','R','M','_','A','R','C','H','_','7','S','_','_'
#endif

#define SIZE (sizeof(INT8))
static char info_size[] =  {'I', 'N', 'F', 'O', ':', 's','i','z','e','[',
  ('0' + ((SIZE / 10000)%10)),
  ('0' + ((SIZE / 1000)%10)),
  ('0' + ((SIZE / 100)%10)),
  ('0' + ((SIZE / 10)%10)),
  ('0' +  (SIZE    % 10)),
  ']',
#ifdef KEY
  ' ','k','e','y','[', KEY, ']',
#endif
  '\0'};

#ifdef __CLASSIC_C__
int main(argc, argv) int argc; char *argv[];
#else
int main(int argc, char *argv[])
#endif
{
  int require = 0;
  require += info_size[argc];
  (void)argv;
  return require;
}


Determining size of INT16 failed with the following output:
Change Dir: /home/pi/opencv_all/opencv-4.1.0/build/CMakeFiles/CMakeTmp

Run Build Command(s):/usr/bin/make cmTC_98562/fast && /usr/bin/make -f CMakeFiles/cmTC_98562.dir/build.make CMakeFiles/cmTC_98562.dir/build
make[1]: Entering directory '/home/pi/opencv_all/opencv-4.1.0/build/CMakeFiles/CMakeTmp'
Building C object CMakeFiles/cmTC_98562.dir/int16.c.o
/usr/bin/arm-linux-gnueabihf-gcc   -fsigned-char -W -Wall -Werror=return-type -Werror=non-virtual-dtor -Werror=address -Werror=sequence-point -Wformat -Werror=format-security -Wmissing-declarations -Wmissing-prototypes -Wstrict-prototypes -Wundef -Winit-self -Wpointer-arith -Wshadow -Wuninitialized -Winit-self -Wno-comment -Wimplicit-fallthrough=3 -Wno-strict-overflow -fdiagnostics-show-option -pthread -fomit-frame-pointer -ffunction-sections -fdata-sections  -mfpu=neon -mfp16-format=ieee -fvisibility=hidden  -O3 -DNDEBUG -fPIE   -o CMakeFiles/cmTC_98562.dir/int16.c.o   -c /home/pi/opencv_all/opencv-4.1.0/build/CMakeFiles/CheckTypeSize/int16.c
/home/pi/opencv_all/opencv-4.1.0/build/CMakeFiles/CheckTypeSize/int16.c:23:22: error: ‘INT16’ undeclared here (not in a function); did you mean ‘INT16_C’?
 #define SIZE (sizeof(INT16))
                      ^~~~~
/home/pi/opencv_all/opencv-4.1.0/build/CMakeFiles/CheckTypeSize/int16.c:25:12: note: in expansion of macro ‘SIZE’
   ('0' + ((SIZE / 10000)%10)),
            ^~~~
make[1]: *** [CMakeFiles/cmTC_98562.dir/build.make:66: CMakeFiles/cmTC_98562.dir/int16.c.o] Error 1
make[1]: Leaving directory '/home/pi/opencv_all/opencv-4.1.0/build/CMakeFiles/CMakeTmp'
make: *** [Makefile:121: cmTC_98562/fast] Error 2


/home/pi/opencv_all/opencv-4.1.0/build/CMakeFiles/CheckTypeSize/int16.c:
#include <sys/types.h>
#include <stdint.h>
#include <stddef.h>


#undef KEY
#if defined(__i386)
# define KEY '_','_','i','3','8','6'
#elif defined(__x86_64)
# define KEY '_','_','x','8','6','_','6','4'
#elif defined(__ppc__)
# define KEY '_','_','p','p','c','_','_'
#elif defined(__ppc64__)
# define KEY '_','_','p','p','c','6','4','_','_'
#elif defined(__aarch64__)
# define KEY '_','_','a','a','r','c','h','6','4','_','_'
#elif defined(__ARM_ARCH_7A__)
# define KEY '_','_','A','R','M','_','A','R','C','H','_','7','A','_','_'
#elif defined(__ARM_ARCH_7S__)
# define KEY '_','_','A','R','M','_','A','R','C','H','_','7','S','_','_'
#endif

#define SIZE (sizeof(INT16))
static char info_size[] =  {'I', 'N', 'F', 'O', ':', 's','i','z','e','[',
  ('0' + ((SIZE / 10000)%10)),
  ('0' + ((SIZE / 1000)%10)),
  ('0' + ((SIZE / 100)%10)),
  ('0' + ((SIZE / 10)%10)),
  ('0' +  (SIZE    % 10)),
  ']',
#ifdef KEY
  ' ','k','e','y','[', KEY, ']',
#endif
  '\0'};

#ifdef __CLASSIC_C__
int main(argc, argv) int argc; char *argv[];
#else
int main(int argc, char *argv[])
#endif
{
  int require = 0;
  require += info_size[argc];
  (void)argv;
  return require;
}


Determining size of INT32 failed with the following output:
Change Dir: /home/pi/opencv_all/opencv-4.1.0/build/CMakeFiles/CMakeTmp

Run Build Command(s):/usr/bin/make cmTC_ac4ba/fast && /usr/bin/make -f CMakeFiles/cmTC_ac4ba.dir/build.make CMakeFiles/cmTC_ac4ba.dir/build
make[1]: Entering directory '/home/pi/opencv_all/opencv-4.1.0/build/CMakeFiles/CMakeTmp'
Building C object CMakeFiles/cmTC_ac4ba.dir/int32.c.o
/usr/bin/arm-linux-gnueabihf-gcc   -fsigned-char -W -Wall -Werror=return-type -Werror=non-virtual-dtor -Werror=address -Werror=sequence-point -Wformat -Werror=format-security -Wmissing-declarations -Wmissing-prototypes -Wstrict-prototypes -Wundef -Winit-self -Wpointer-arith -Wshadow -Wuninitialized -Winit-self -Wno-comment -Wimplicit-fallthrough=3 -Wno-strict-overflow -fdiagnostics-show-option -pthread -fomit-frame-pointer -ffunction-sections -fdata-sections  -mfpu=neon -mfp16-format=ieee -fvisibility=hidden  -O3 -DNDEBUG -fPIE   -o CMakeFiles/cmTC_ac4ba.dir/int32.c.o   -c /home/pi/opencv_all/opencv-4.1.0/build/CMakeFiles/CheckTypeSize/int32.c
/home/pi/opencv_all/opencv-4.1.0/build/CMakeFiles/CheckTypeSize/int32.c:23:22: error: ‘INT32’ undeclared here (not in a function); did you mean ‘INT32_C’?
 #define SIZE (sizeof(INT32))
                      ^~~~~
/home/pi/opencv_all/opencv-4.1.0/build/CMakeFiles/CheckTypeSize/int32.c:25:12: note: in expansion of macro ‘SIZE’
   ('0' + ((SIZE / 10000)%10)),
            ^~~~
make[1]: *** [CMakeFiles/cmTC_ac4ba.dir/build.make:66: CMakeFiles/cmTC_ac4ba.dir/int32.c.o] Error 1
make[1]: Leaving directory '/home/pi/opencv_all/opencv-4.1.0/build/CMakeFiles/CMakeTmp'
make: *** [Makefile:121: cmTC_ac4ba/fast] Error 2


/home/pi/opencv_all/opencv-4.1.0/build/CMakeFiles/CheckTypeSize/int32.c:
#include <sys/types.h>
#include <stdint.h>
#include <stddef.h>


#undef KEY
#if defined(__i386)
# define KEY '_','_','i','3','8','6'
#elif defined(__x86_64)
# define KEY '_','_','x','8','6','_','6','4'
#elif defined(__ppc__)
# define KEY '_','_','p','p','c','_','_'
#elif defined(__ppc64__)
# define KEY '_','_','p','p','c','6','4','_','_'
#elif defined(__aarch64__)
# define KEY '_','_','a','a','r','c','h','6','4','_','_'
#elif defined(__ARM_ARCH_7A__)
# define KEY '_','_','A','R','M','_','A','R','C','H','_','7','A','_','_'
#elif defined(__ARM_ARCH_7S__)
# define KEY '_','_','A','R','M','_','A','R','C','H','_','7','S','_','_'
#endif

#define SIZE (sizeof(INT32))
static char info_size[] =  {'I', 'N', 'F', 'O', ':', 's','i','z','e','[',
  ('0' + ((SIZE / 10000)%10)),
  ('0' + ((SIZE / 1000)%10)),
  ('0' + ((SIZE / 100)%10)),
  ('0' + ((SIZE / 10)%10)),
  ('0' +  (SIZE    % 10)),
  ']',
#ifdef KEY
  ' ','k','e','y','[', KEY, ']',
#endif
  '\0'};

#ifdef __CLASSIC_C__
int main(argc, argv) int argc; char *argv[];
#else
int main(int argc, char *argv[])
#endif
{
  int require = 0;
  require += info_size[argc];
  (void)argv;
  return require;
}


Determining if the function floor exists failed with the following output:
Change Dir: /home/pi/opencv_all/opencv-4.1.0/build/CMakeFiles/CMakeTmp

Run Build Command(s):/usr/bin/make cmTC_daec3/fast && /usr/bin/make -f CMakeFiles/cmTC_daec3.dir/build.make CMakeFiles/cmTC_daec3.dir/build
make[1]: Entering directory '/home/pi/opencv_all/opencv-4.1.0/build/CMakeFiles/CMakeTmp'
Building C object CMakeFiles/cmTC_daec3.dir/CheckFunctionExists.c.o
/usr/bin/arm-linux-gnueabihf-gcc   -fsigned-char -W -Wall -Werror=return-type -Werror=non-virtual-dtor -Werror=address -Werror=sequence-point -Wformat -Werror=format-security -Wmissing-declarations -Wmissing-prototypes -Wstrict-prototypes -Wundef -Winit-self -Wpointer-arith -Wshadow -Wuninitialized -Winit-self -Wno-comment -Wimplicit-fallthrough=3 -Wno-strict-overflow -fdiagnostics-show-option -pthread -fomit-frame-pointer -ffunction-sections -fdata-sections  -mfpu=neon -mfp16-format=ieee -fvisibility=hidden -DCHECK_FUNCTION_EXISTS=floor -O3 -DNDEBUG -fPIE   -o CMakeFiles/cmTC_daec3.dir/CheckFunctionExists.c.o   -c /usr/share/cmake-3.16/Modules/CheckFunctionExists.c
<command-line>: warning: conflicting types for built-in function ‘floor’ [-Wbuiltin-declaration-mismatch]
/usr/share/cmake-3.16/Modules/CheckFunctionExists.c:7:3: note: in expansion of macro ‘CHECK_FUNCTION_EXISTS’
   CHECK_FUNCTION_EXISTS(void);
   ^~~~~~~~~~~~~~~~~~~~~
Linking C executable cmTC_daec3
/usr/bin/cmake -E cmake_link_script CMakeFiles/cmTC_daec3.dir/link.txt --verbose=1
/usr/bin/arm-linux-gnueabihf-gcc    -fsigned-char -W -Wall -Werror=return-type -Werror=non-virtual-dtor -Werror=address -Werror=sequence-point -Wformat -Werror=format-security -Wmissing-declarations -Wmissing-prototypes -Wstrict-prototypes -Wundef -Winit-self -Wpointer-arith -Wshadow -Wuninitialized -Winit-self -Wno-comment -Wimplicit-fallthrough=3 -Wno-strict-overflow -fdiagnostics-show-option -pthread -fomit-frame-pointer -ffunction-sections -fdata-sections  -mfpu=neon -mfp16-format=ieee -fvisibility=hidden -DCHECK_FUNCTION_EXISTS=floor -O3 -DNDEBUG    -Wl,--gc-sections  CMakeFiles/cmTC_daec3.dir/CheckFunctionExists.c.o  -o cmTC_daec3 
/usr/bin/ld: CMakeFiles/cmTC_daec3.dir/CheckFunctionExists.c.o: in function `main':
CheckFunctionExists.c:(.text.startup.main+0xc): undefined reference to `floor'
collect2: error: ld returned 1 exit status
make[1]: *** [CMakeFiles/cmTC_daec3.dir/build.make:87: cmTC_daec3] Error 1
make[1]: Leaving directory '/home/pi/opencv_all/opencv-4.1.0/build/CMakeFiles/CMakeTmp'
make: *** [Makefile:121: cmTC_daec3/fast] Error 2



Determining if the function pow exists failed with the following output:
Change Dir: /home/pi/opencv_all/opencv-4.1.0/build/CMakeFiles/CMakeTmp

Run Build Command(s):/usr/bin/make cmTC_cee79/fast && /usr/bin/make -f CMakeFiles/cmTC_cee79.dir/build.make CMakeFiles/cmTC_cee79.dir/build
make[1]: Entering directory '/home/pi/opencv_all/opencv-4.1.0/build/CMakeFiles/CMakeTmp'
Building C object CMakeFiles/cmTC_cee79.dir/CheckFunctionExists.c.o
/usr/bin/arm-linux-gnueabihf-gcc   -fsigned-char -W -Wall -Werror=return-type -Werror=non-virtual-dtor -Werror=address -Werror=sequence-point -Wformat -Werror=format-security -Wmissing-declarations -Wmissing-prototypes -Wstrict-prototypes -Wundef -Winit-self -Wpointer-arith -Wshadow -Wuninitialized -Winit-self -Wno-comment -Wimplicit-fallthrough=3 -Wno-strict-overflow -fdiagnostics-show-option -pthread -fomit-frame-pointer -ffunction-sections -fdata-sections  -mfpu=neon -mfp16-format=ieee -fvisibility=hidden -DCHECK_FUNCTION_EXISTS=pow -O3 -DNDEBUG -fPIE   -o CMakeFiles/cmTC_cee79.dir/CheckFunctionExists.c.o   -c /usr/share/cmake-3.16/Modules/CheckFunctionExists.c
<command-line>: warning: conflicting types for built-in function ‘pow’ [-Wbuiltin-declaration-mismatch]
/usr/share/cmake-3.16/Modules/CheckFunctionExists.c:7:3: note: in expansion of macro ‘CHECK_FUNCTION_EXISTS’
   CHECK_FUNCTION_EXISTS(void);
   ^~~~~~~~~~~~~~~~~~~~~
Linking C executable cmTC_cee79
/usr/bin/cmake -E cmake_link_script CMakeFiles/cmTC_cee79.dir/link.txt --verbose=1
/usr/bin/arm-linux-gnueabihf-gcc    -fsigned-char -W -Wall -Werror=return-type -Werror=non-virtual-dtor -Werror=address -Werror=sequence-point -Wformat -Werror=format-security -Wmissing-declarations -Wmissing-prototypes -Wstrict-prototypes -Wundef -Winit-self -Wpointer-arith -Wshadow -Wuninitialized -Winit-self -Wno-comment -Wimplicit-fallthrough=3 -Wno-strict-overflow -fdiagnostics-show-option -pthread -fomit-frame-pointer -ffunction-sections -fdata-sections  -mfpu=neon -mfp16-format=ieee -fvisibility=hidden -DCHECK_FUNCTION_EXISTS=pow -O3 -DNDEBUG    -Wl,--gc-sections  CMakeFiles/cmTC_cee79.dir/CheckFunctionExists.c.o  -o cmTC_cee79 
/usr/bin/ld: CMakeFiles/cmTC_cee79.dir/CheckFunctionExists.c.o: in function `main':
CheckFunctionExists.c:(.text.startup.main+0xc): undefined reference to `pow'
collect2: error: ld returned 1 exit status
make[1]: *** [CMakeFiles/cmTC_cee79.dir/build.make:87: cmTC_cee79] Error 1
make[1]: Leaving directory '/home/pi/opencv_all/opencv-4.1.0/build/CMakeFiles/CMakeTmp'
make: *** [Makefile:121: cmTC_cee79/fast] Error 2



Determining if the function sqrt exists failed with the following output:
Change Dir: /home/pi/opencv_all/opencv-4.1.0/build/CMakeFiles/CMakeTmp

Run Build Command(s):/usr/bin/make cmTC_fcc44/fast && /usr/bin/make -f CMakeFiles/cmTC_fcc44.dir/build.make CMakeFiles/cmTC_fcc44.dir/build
make[1]: Entering directory '/home/pi/opencv_all/opencv-4.1.0/build/CMakeFiles/CMakeTmp'
Building C object CMakeFiles/cmTC_fcc44.dir/CheckFunctionExists.c.o
/usr/bin/arm-linux-gnueabihf-gcc   -fsigned-char -W -Wall -Werror=return-type -Werror=non-virtual-dtor -Werror=address -Werror=sequence-point -Wformat -Werror=format-security -Wmissing-declarations -Wmissing-prototypes -Wstrict-prototypes -Wundef -Winit-self -Wpointer-arith -Wshadow -Wuninitialized -Winit-self -Wno-comment -Wimplicit-fallthrough=3 -Wno-strict-overflow -fdiagnostics-show-option -pthread -fomit-frame-pointer -ffunction-sections -fdata-sections  -mfpu=neon -mfp16-format=ieee -fvisibility=hidden -DCHECK_FUNCTION_EXISTS=sqrt -O3 -DNDEBUG -fPIE   -o CMakeFiles/cmTC_fcc44.dir/CheckFunctionExists.c.o   -c /usr/share/cmake-3.16/Modules/CheckFunctionExists.c
<command-line>: warning: conflicting types for built-in function ‘sqrt’ [-Wbuiltin-declaration-mismatch]
/usr/share/cmake-3.16/Modules/CheckFunctionExists.c:7:3: note: in expansion of macro ‘CHECK_FUNCTION_EXISTS’
   CHECK_FUNCTION_EXISTS(void);
   ^~~~~~~~~~~~~~~~~~~~~
Linking C executable cmTC_fcc44
/usr/bin/cmake -E cmake_link_script CMakeFiles/cmTC_fcc44.dir/link.txt --verbose=1
/usr/bin/arm-linux-gnueabihf-gcc    -fsigned-char -W -Wall -Werror=return-type -Werror=non-virtual-dtor -Werror=address -Werror=sequence-point -Wformat -Werror=format-security -Wmissing-declarations -Wmissing-prototypes -Wstrict-prototypes -Wundef -Winit-self -Wpointer-arith -Wshadow -Wuninitialized -Winit-self -Wno-comment -Wimplicit-fallthrough=3 -Wno-strict-overflow -fdiagnostics-show-option -pthread -fomit-frame-pointer -ffunction-sections -fdata-sections  -mfpu=neon -mfp16-format=ieee -fvisibility=hidden -DCHECK_FUNCTION_EXISTS=sqrt -O3 -DNDEBUG    -Wl,--gc-sections  CMakeFiles/cmTC_fcc44.dir/CheckFunctionExists.c.o  -o cmTC_fcc44 
/usr/bin/ld: CMakeFiles/cmTC_fcc44.dir/CheckFunctionExists.c.o: in function `main':
CheckFunctionExists.c:(.text.startup.main+0xc): undefined reference to `sqrt'
collect2: error: ld returned 1 exit status
make[1]: *** [CMakeFiles/cmTC_fcc44.dir/build.make:87: cmTC_fcc44] Error 1
make[1]: Leaving directory '/home/pi/opencv_all/opencv-4.1.0/build/CMakeFiles/CMakeTmp'
make: *** [Makefile:121: cmTC_fcc44/fast] Error 2



Determining if the function setmode exists failed with the following output:
Change Dir: /home/pi/opencv_all/opencv-4.1.0/build/CMakeFiles/CMakeTmp

Run Build Command(s):/usr/bin/make cmTC_42e3a/fast && /usr/bin/make -f CMakeFiles/cmTC_42e3a.dir/build.make CMakeFiles/cmTC_42e3a.dir/build
make[1]: Entering directory '/home/pi/opencv_all/opencv-4.1.0/build/CMakeFiles/CMakeTmp'
Building C object CMakeFiles/cmTC_42e3a.dir/CheckFunctionExists.c.o
/usr/bin/arm-linux-gnueabihf-gcc   -fsigned-char -W -Wall -Werror=return-type -Werror=non-virtual-dtor -Werror=address -Werror=sequence-point -Wformat -Werror=format-security -Wmissing-declarations -Wmissing-prototypes -Wstrict-prototypes -Wundef -Winit-self -Wpointer-arith -Wshadow -Wuninitialized -Winit-self -Wno-comment -Wimplicit-fallthrough=3 -Wno-strict-overflow -fdiagnostics-show-option -pthread -fomit-frame-pointer -ffunction-sections -fdata-sections  -mfpu=neon -mfp16-format=ieee -fvisibility=hidden -DCHECK_FUNCTION_EXISTS=setmode -O3 -DNDEBUG -fPIE   -o CMakeFiles/cmTC_42e3a.dir/CheckFunctionExists.c.o   -c /usr/share/cmake-3.16/Modules/CheckFunctionExists.c
Linking C executable cmTC_42e3a
/usr/bin/cmake -E cmake_link_script CMakeFiles/cmTC_42e3a.dir/link.txt --verbose=1
/usr/bin/arm-linux-gnueabihf-gcc    -fsigned-char -W -Wall -Werror=return-type -Werror=non-virtual-dtor -Werror=address -Werror=sequence-point -Wformat -Werror=format-security -Wmissing-declarations -Wmissing-prototypes -Wstrict-prototypes -Wundef -Winit-self -Wpointer-arith -Wshadow -Wuninitialized -Winit-self -Wno-comment -Wimplicit-fallthrough=3 -Wno-strict-overflow -fdiagnostics-show-option -pthread -fomit-frame-pointer -ffunction-sections -fdata-sections  -mfpu=neon -mfp16-format=ieee -fvisibility=hidden -DCHECK_FUNCTION_EXISTS=setmode -O3 -DNDEBUG    -Wl,--gc-sections  CMakeFiles/cmTC_42e3a.dir/CheckFunctionExists.c.o  -o cmTC_42e3a 
/usr/bin/ld: CMakeFiles/cmTC_42e3a.dir/CheckFunctionExists.c.o: in function `main':
CheckFunctionExists.c:(.text.startup.main+0xc): undefined reference to `setmode'
collect2: error: ld returned 1 exit status
make[1]: *** [CMakeFiles/cmTC_42e3a.dir/build.make:87: cmTC_42e3a] Error 1
make[1]: Leaving directory '/home/pi/opencv_all/opencv-4.1.0/build/CMakeFiles/CMakeTmp'
make: *** [Makefile:121: cmTC_42e3a/fast] Error 2



Build output check failed:
    Regex: 'command line option .* is valid for .* but not for C\+\+'
    Output line: 'cc1plus: warning: command line option ‘-Wno-missing-prototypes’ is valid for C/ObjC but not for C++'
Compilation failed:
    source file: '/home/pi/opencv_all/opencv-4.1.0/build/CMakeFiles/CMakeTmp/src.cxx'
    check option: ' -Wno-missing-prototypes'
===== BUILD LOG =====
Change Dir: /home/pi/opencv_all/opencv-4.1.0/build/CMakeFiles/CMakeTmp

Run Build Command(s):/usr/bin/make cmTC_ce3b1/fast && /usr/bin/make -f CMakeFiles/cmTC_ce3b1.dir/build.make CMakeFiles/cmTC_ce3b1.dir/build
make[1]: Entering directory '/home/pi/opencv_all/opencv-4.1.0/build/CMakeFiles/CMakeTmp'
Building CXX object CMakeFiles/cmTC_ce3b1.dir/src.cxx.o
/usr/bin/arm-linux-gnueabihf-g++    -fsigned-char -W -Wall -Werror=return-type -Werror=non-virtual-dtor -Werror=address -Werror=sequence-point -Wformat -Werror=format-security -Wundef -Winit-self -Wpointer-arith -Wshadow -Wsign-promo -Wuninitialized -Winit-self -Wsuggest-override -Wno-delete-non-virtual-dtor -Wno-comment -Wimplicit-fallthrough=3 -Wno-strict-overflow -fdiagnostics-show-option -pthread -fomit-frame-pointer -ffunction-sections -fdata-sections  -mfpu=neon -mfp16-format=ieee -fvisibility=hidden -fvisibility-inlines-hidden -Wno-missing-declarations -Wno-unused-parameter  -O3 -DNDEBUG -fPIE    -Wno-missing-prototypes -std=c++11 -o CMakeFiles/cmTC_ce3b1.dir/src.cxx.o -c /home/pi/opencv_all/opencv-4.1.0/build/CMakeFiles/CMakeTmp/src.cxx
cc1plus: warning: command line option ‘-Wno-missing-prototypes’ is valid for C/ObjC but not for C++
/home/pi/opencv_all/opencv-4.1.0/build/CMakeFiles/CMakeTmp/src.cxx:1: warning: ignoring #pragma   [-Wunknown-pragmas]
 #pragma
 
Linking CXX executable cmTC_ce3b1
/usr/bin/cmake -E cmake_link_script CMakeFiles/cmTC_ce3b1.dir/link.txt --verbose=1
/usr/bin/arm-linux-gnueabihf-g++     -fsigned-char -W -Wall -Werror=return-type -Werror=non-virtual-dtor -Werror=address -Werror=sequence-point -Wformat -Werror=format-security -Wundef -Winit-self -Wpointer-arith -Wshadow -Wsign-promo -Wuninitialized -Winit-self -Wsuggest-override -Wno-delete-non-virtual-dtor -Wno-comment -Wimplicit-fallthrough=3 -Wno-strict-overflow -fdiagnostics-show-option -pthread -fomit-frame-pointer -ffunction-sections -fdata-sections  -mfpu=neon -mfp16-format=ieee -fvisibility=hidden -fvisibility-inlines-hidden -Wno-missing-declarations -Wno-unused-parameter  -O3 -DNDEBUG    -Wl,--gc-sections  CMakeFiles/cmTC_ce3b1.dir/src.cxx.o  -o cmTC_ce3b1 
make[1]: Leaving directory '/home/pi/opencv_all/opencv-4.1.0/build/CMakeFiles/CMakeTmp'


===== END =====

Build output check failed:
    Regex: 'unrecognized .*option'
    Output line: 'cc1: warning: unrecognized command line option ‘-Wno-absolute-value’'
Compilation failed:
    source file: '/home/pi/opencv_all/opencv-4.1.0/build/CMakeFiles/CMakeTmp/src.c'
    check option: ' -Wno-absolute-value'
===== BUILD LOG =====
Change Dir: /home/pi/opencv_all/opencv-4.1.0/build/CMakeFiles/CMakeTmp

Run Build Command(s):/usr/bin/make cmTC_c7384/fast && /usr/bin/make -f CMakeFiles/cmTC_c7384.dir/build.make CMakeFiles/cmTC_c7384.dir/build
make[1]: Entering directory '/home/pi/opencv_all/opencv-4.1.0/build/CMakeFiles/CMakeTmp'
Building C object CMakeFiles/cmTC_c7384.dir/src.c.o
/usr/bin/arm-linux-gnueabihf-gcc   -fsigned-char -W -Wall -Werror=return-type -Werror=non-virtual-dtor -Werror=address -Werror=sequence-point -Wformat -Werror=format-security -Wstrict-prototypes -Wundef -Winit-self -Wpointer-arith -Wuninitialized -Winit-self -Wno-comment -Wimplicit-fallthrough=3 -Wno-strict-overflow -fdiagnostics-show-option -pthread -fomit-frame-pointer -ffunction-sections -fdata-sections  -mfpu=neon -mfp16-format=ieee -fvisibility=hidden -Wno-implicit-function-declaration -Wno-uninitialized -Wno-missing-prototypes -Wno-unused-but-set-parameter -Wno-missing-declarations -Wno-unused -Wno-shadow -Wno-sign-compare -Wno-strict-overflow -Wno-pointer-compare  -O3 -DNDEBUG -fPIE    -Wno-absolute-value -o CMakeFiles/cmTC_c7384.dir/src.c.o   -c /home/pi/opencv_all/opencv-4.1.0/build/CMakeFiles/CMakeTmp/src.c
/home/pi/opencv_all/opencv-4.1.0/build/CMakeFiles/CMakeTmp/src.c:1: warning: ignoring #pragma   [-Wunknown-pragmas]
 #pragma
 
cc1: warning: unrecognized command line option ‘-Wno-absolute-value’
Linking C executable cmTC_c7384
/usr/bin/cmake -E cmake_link_script CMakeFiles/cmTC_c7384.dir/link.txt --verbose=1
/usr/bin/arm-linux-gnueabihf-gcc    -fsigned-char -W -Wall -Werror=return-type -Werror=non-virtual-dtor -Werror=address -Werror=sequence-point -Wformat -Werror=format-security -Wstrict-prototypes -Wundef -Winit-self -Wpointer-arith -Wuninitialized -Winit-self -Wno-comment -Wimplicit-fallthrough=3 -Wno-strict-overflow -fdiagnostics-show-option -pthread -fomit-frame-pointer -ffunction-sections -fdata-sections  -mfpu=neon -mfp16-format=ieee -fvisibility=hidden -Wno-implicit-function-declaration -Wno-uninitialized -Wno-missing-prototypes -Wno-unused-but-set-parameter -Wno-missing-declarations -Wno-unused -Wno-shadow -Wno-sign-compare -Wno-strict-overflow -Wno-pointer-compare  -O3 -DNDEBUG    -Wl,--gc-sections  CMakeFiles/cmTC_c7384.dir/src.c.o  -o cmTC_c7384 
make[1]: Leaving directory '/home/pi/opencv_all/opencv-4.1.0/build/CMakeFiles/CMakeTmp'


===== END =====

Build output check failed:
    Regex: 'unrecognized .*option'
    Output line: 'cc1plus: warning: unrecognized command line option ‘-Wno-inconsistent-missing-override’'
Compilation failed:
    source file: '/home/pi/opencv_all/opencv-4.1.0/build/CMakeFiles/CMakeTmp/src.cxx'
    check option: ' -Wno-inconsistent-missing-override'
===== BUILD LOG =====
Change Dir: /home/pi/opencv_all/opencv-4.1.0/build/CMakeFiles/CMakeTmp

Run Build Command(s):/usr/bin/make cmTC_c3b86/fast && /usr/bin/make -f CMakeFiles/cmTC_c3b86.dir/build.make CMakeFiles/cmTC_c3b86.dir/build
make[1]: Entering directory '/home/pi/opencv_all/opencv-4.1.0/build/CMakeFiles/CMakeTmp'
Building CXX object CMakeFiles/cmTC_c3b86.dir/src.cxx.o
/usr/bin/arm-linux-gnueabihf-g++    -fsigned-char -W -Wall -Werror=return-type -Werror=non-virtual-dtor -Werror=address -Werror=sequence-point -Wformat -Werror=format-security -Winit-self -Wpointer-arith -Wsign-promo -Winit-self -Wno-delete-non-virtual-dtor -Wno-comment -Wimplicit-fallthrough=3 -Wno-strict-overflow -fdiagnostics-show-option -pthread -fomit-frame-pointer -ffunction-sections -fdata-sections  -mfpu=neon -mfp16-format=ieee -fvisibility=hidden -fvisibility-inlines-hidden -Wno-shadow -Wno-unused -Wno-sign-compare -Wno-undef -Wno-missing-declarations -Wno-uninitialized -Wno-switch -Wno-parentheses -Wno-array-bounds -Wno-extra -Wno-deprecated-declarations -Wno-misleading-indentation -Wno-deprecated -Wno-suggest-override  -O3 -DNDEBUG -fPIE    -Wno-inconsistent-missing-override -std=c++11 -o CMakeFiles/cmTC_c3b86.dir/src.cxx.o -c /home/pi/opencv_all/opencv-4.1.0/build/CMakeFiles/CMakeTmp/src.cxx
/home/pi/opencv_all/opencv-4.1.0/build/CMakeFiles/CMakeTmp/src.cxx:1: warning: ignoring #pragma   [-Wunknown-pragmas]
 #pragma
 
cc1plus: warning: unrecognized command line option ‘-Wno-inconsistent-missing-override’
Linking CXX executable cmTC_c3b86
/usr/bin/cmake -E cmake_link_script CMakeFiles/cmTC_c3b86.dir/link.txt --verbose=1
/usr/bin/arm-linux-gnueabihf-g++     -fsigned-char -W -Wall -Werror=return-type -Werror=non-virtual-dtor -Werror=address -Werror=sequence-point -Wformat -Werror=format-security -Winit-self -Wpointer-arith -Wsign-promo -Winit-self -Wno-delete-non-virtual-dtor -Wno-comment -Wimplicit-fallthrough=3 -Wno-strict-overflow -fdiagnostics-show-option -pthread -fomit-frame-pointer -ffunction-sections -fdata-sections  -mfpu=neon -mfp16-format=ieee -fvisibility=hidden -fvisibility-inlines-hidden -Wno-shadow -Wno-unused -Wno-sign-compare -Wno-undef -Wno-missing-declarations -Wno-uninitialized -Wno-switch -Wno-parentheses -Wno-array-bounds -Wno-extra -Wno-deprecated-declarations -Wno-misleading-indentation -Wno-deprecated -Wno-suggest-override  -O3 -DNDEBUG    -Wl,--gc-sections  CMakeFiles/cmTC_c3b86.dir/src.cxx.o  -o cmTC_c3b86 
make[1]: Leaving directory '/home/pi/opencv_all/opencv-4.1.0/build/CMakeFiles/CMakeTmp'


===== END =====

Determining if the function sgemm_ exists failed with the following output:
Change Dir: /home/pi/opencv_all/opencv-4.1.0/build/CMakeFiles/CMakeTmp

Run Build Command(s):/usr/bin/make cmTC_474bb/fast && /usr/bin/make -f CMakeFiles/cmTC_474bb.dir/build.make CMakeFiles/cmTC_474bb.dir/build
make[1]: Entering directory '/home/pi/opencv_all/opencv-4.1.0/build/CMakeFiles/CMakeTmp'
Building C object CMakeFiles/cmTC_474bb.dir/CheckFunctionExists.c.o
/usr/bin/arm-linux-gnueabihf-gcc   -fsigned-char -W -Wall -Werror=return-type -Werror=non-virtual-dtor -Werror=address -Werror=sequence-point -Wformat -Werror=format-security -Wmissing-declarations -Wmissing-prototypes -Wstrict-prototypes -Wundef -Winit-self -Wpointer-arith -Wshadow -Wuninitialized -Winit-self -Wno-comment -Wimplicit-fallthrough=3 -Wno-strict-overflow -fdiagnostics-show-option -pthread -fomit-frame-pointer -ffunction-sections -fdata-sections  -mfpu=neon -mfp16-format=ieee -fvisibility=hidden -DCHECK_FUNCTION_EXISTS=sgemm_ -O3 -DNDEBUG -fPIE   -o CMakeFiles/cmTC_474bb.dir/CheckFunctionExists.c.o   -c /usr/share/cmake-3.16/Modules/CheckFunctionExists.c
Linking C executable cmTC_474bb
/usr/bin/cmake -E cmake_link_script CMakeFiles/cmTC_474bb.dir/link.txt --verbose=1
/usr/bin/arm-linux-gnueabihf-gcc    -fsigned-char -W -Wall -Werror=return-type -Werror=non-virtual-dtor -Werror=address -Werror=sequence-point -Wformat -Werror=format-security -Wmissing-declarations -Wmissing-prototypes -Wstrict-prototypes -Wundef -Winit-self -Wpointer-arith -Wshadow -Wuninitialized -Winit-self -Wno-comment -Wimplicit-fallthrough=3 -Wno-strict-overflow -fdiagnostics-show-option -pthread -fomit-frame-pointer -ffunction-sections -fdata-sections  -mfpu=neon -mfp16-format=ieee -fvisibility=hidden -DCHECK_FUNCTION_EXISTS=sgemm_ -O3 -DNDEBUG    -Wl,--gc-sections  CMakeFiles/cmTC_474bb.dir/CheckFunctionExists.c.o  -o cmTC_474bb 
/usr/bin/ld: CMakeFiles/cmTC_474bb.dir/CheckFunctionExists.c.o: in function `main':
CheckFunctionExists.c:(.text.startup.main+0xc): undefined reference to `sgemm_'
collect2: error: ld returned 1 exit status
make[1]: *** [CMakeFiles/cmTC_474bb.dir/build.make:87: cmTC_474bb] Error 1
make[1]: Leaving directory '/home/pi/opencv_all/opencv-4.1.0/build/CMakeFiles/CMakeTmp'
make: *** [Makefile:121: cmTC_474bb/fast] Error 2



Build output check failed:
    Regex: 'unrecognized .*option'
    Output line: 'cc1plus: warning: unrecognized command line option ‘-Wno-tautological-undefined-compare’'
Compilation failed:
    source file: '/home/pi/opencv_all/opencv-4.1.0/build/CMakeFiles/CMakeTmp/src.cxx'
    check option: ' -Wno-tautological-undefined-compare'
===== BUILD LOG =====
Change Dir: /home/pi/opencv_all/opencv-4.1.0/build/CMakeFiles/CMakeTmp

Run Build Command(s):/usr/bin/make cmTC_309fa/fast && /usr/bin/make -f CMakeFiles/cmTC_309fa.dir/build.make CMakeFiles/cmTC_309fa.dir/build
make[1]: Entering directory '/home/pi/opencv_all/opencv-4.1.0/build/CMakeFiles/CMakeTmp'
Building CXX object CMakeFiles/cmTC_309fa.dir/src.cxx.o
/usr/bin/arm-linux-gnueabihf-g++    -fsigned-char -W -Wall -Werror=return-type -Werror=non-virtual-dtor -Werror=address -Werror=sequence-point -Wformat -Werror=format-security -Winit-self -Wpointer-arith -Wuninitialized -Winit-self -Wsuggest-override -Wno-delete-non-virtual-dtor -Wno-comment -Wimplicit-fallthrough=3 -Wno-strict-overflow -fdiagnostics-show-option -pthread -fomit-frame-pointer -ffunction-sections -fdata-sections  -mfpu=neon -mfp16-format=ieee -fvisibility=hidden -fvisibility-inlines-hidden -Wno-deprecated -Wno-missing-declarations -Wno-shadow -Wno-unused-parameter -Wno-unused-local-typedefs -Wno-sign-compare -Wno-sign-promo -Wno-undef  -O3 -DNDEBUG -fPIE    -Wno-tautological-undefined-compare -std=c++11 -o CMakeFiles/cmTC_309fa.dir/src.cxx.o -c /home/pi/opencv_all/opencv-4.1.0/build/CMakeFiles/CMakeTmp/src.cxx
/home/pi/opencv_all/opencv-4.1.0/build/CMakeFiles/CMakeTmp/src.cxx:1: warning: ignoring #pragma   [-Wunknown-pragmas]
 #pragma
 
cc1plus: warning: unrecognized command line option ‘-Wno-tautological-undefined-compare’
Linking CXX executable cmTC_309fa
/usr/bin/cmake -E cmake_link_script CMakeFiles/cmTC_309fa.dir/link.txt --verbose=1
/usr/bin/arm-linux-gnueabihf-g++     -fsigned-char -W -Wall -Werror=return-type -Werror=non-virtual-dtor -Werror=address -Werror=sequence-point -Wformat -Werror=format-security -Winit-self -Wpointer-arith -Wuninitialized -Winit-self -Wsuggest-override -Wno-delete-non-virtual-dtor -Wno-comment -Wimplicit-fallthrough=3 -Wno-strict-overflow -fdiagnostics-show-option -pthread -fomit-frame-pointer -ffunction-sections -fdata-sections  -mfpu=neon -mfp16-format=ieee -fvisibility=hidden -fvisibility-inlines-hidden -Wno-deprecated -Wno-missing-declarations -Wno-shadow -Wno-unused-parameter -Wno-unused-local-typedefs -Wno-sign-compare -Wno-sign-promo -Wno-undef  -O3 -DNDEBUG    -Wl,--gc-sections  CMakeFiles/cmTC_309fa.dir/src.cxx.o  -o cmTC_309fa 
make[1]: Leaving directory '/home/pi/opencv_all/opencv-4.1.0/build/CMakeFiles/CMakeTmp'


===== END =====

Build output check failed:
    Regex: 'unrecognized .*option'
    Output line: 'cc1plus: warning: unrecognized command line option ‘-Wno-shorten-64-to-32’'
Compilation failed:
    source file: '/home/pi/opencv_all/opencv-4.1.0/build/CMakeFiles/CMakeTmp/src.cxx'
    check option: ' -Wno-shorten-64-to-32'
===== BUILD LOG =====
Change Dir: /home/pi/opencv_all/opencv-4.1.0/build/CMakeFiles/CMakeTmp

Run Build Command(s):/usr/bin/make cmTC_63d8e/fast && /usr/bin/make -f CMakeFiles/cmTC_63d8e.dir/build.make CMakeFiles/cmTC_63d8e.dir/build
make[1]: Entering directory '/home/pi/opencv_all/opencv-4.1.0/build/CMakeFiles/CMakeTmp'
Building CXX object CMakeFiles/cmTC_63d8e.dir/src.cxx.o
/usr/bin/arm-linux-gnueabihf-g++    -fsigned-char -W -Wall -Werror=return-type -Werror=non-virtual-dtor -Werror=address -Werror=sequence-point -Wformat -Werror=format-security -Winit-self -Wpointer-arith -Wuninitialized -Winit-self -Wsuggest-override -Wno-delete-non-virtual-dtor -Wno-comment -Wimplicit-fallthrough=3 -Wno-strict-overflow -fdiagnostics-show-option -pthread -fomit-frame-pointer -ffunction-sections -fdata-sections  -mfpu=neon -mfp16-format=ieee -fvisibility=hidden -fvisibility-inlines-hidden -Wno-deprecated -Wno-missing-declarations -Wno-shadow -Wno-unused-parameter -Wno-unused-local-typedefs -Wno-sign-compare -Wno-sign-promo -Wno-undef -Wno-ignored-qualifiers -Wno-extra -Wno-unused-function -Wno-unused-const-variable  -O3 -DNDEBUG -fPIE    -Wno-shorten-64-to-32 -std=c++11 -o CMakeFiles/cmTC_63d8e.dir/src.cxx.o -c /home/pi/opencv_all/opencv-4.1.0/build/CMakeFiles/CMakeTmp/src.cxx
/home/pi/opencv_all/opencv-4.1.0/build/CMakeFiles/CMakeTmp/src.cxx:1: warning: ignoring #pragma   [-Wunknown-pragmas]
 #pragma
 
cc1plus: warning: unrecognized command line option ‘-Wno-shorten-64-to-32’
Linking CXX executable cmTC_63d8e
/usr/bin/cmake -E cmake_link_script CMakeFiles/cmTC_63d8e.dir/link.txt --verbose=1
/usr/bin/arm-linux-gnueabihf-g++     -fsigned-char -W -Wall -Werror=return-type -Werror=non-virtual-dtor -Werror=address -Werror=sequence-point -Wformat -Werror=format-security -Winit-self -Wpointer-arith -Wuninitialized -Winit-self -Wsuggest-override -Wno-delete-non-virtual-dtor -Wno-comment -Wimplicit-fallthrough=3 -Wno-strict-overflow -fdiagnostics-show-option -pthread -fomit-frame-pointer -ffunction-sections -fdata-sections  -mfpu=neon -mfp16-format=ieee -fvisibility=hidden -fvisibility-inlines-hidden -Wno-deprecated -Wno-missing-declarations -Wno-shadow -Wno-unused-parameter -Wno-unused-local-typedefs -Wno-sign-compare -Wno-sign-promo -Wno-undef -Wno-ignored-qualifiers -Wno-extra -Wno-unused-function -Wno-unused-const-variable  -O3 -DNDEBUG    -Wl,--gc-sections  CMakeFiles/cmTC_63d8e.dir/src.cxx.o  -o cmTC_63d8e 
make[1]: Leaving directory '/home/pi/opencv_all/opencv-4.1.0/build/CMakeFiles/CMakeTmp'


===== END =====

Build output check failed:
    Regex: 'unrecognized .*option'
    Output line: 'cc1plus: warning: unrecognized command line option ‘-Wno-enum-compare-switch’'
Compilation failed:
    source file: '/home/pi/opencv_all/opencv-4.1.0/build/CMakeFiles/CMakeTmp/src.cxx'
    check option: ' -Wno-enum-compare-switch'
===== BUILD LOG =====
Change Dir: /home/pi/opencv_all/opencv-4.1.0/build/CMakeFiles/CMakeTmp

Run Build Command(s):/usr/bin/make cmTC_06466/fast && /usr/bin/make -f CMakeFiles/cmTC_06466.dir/build.make CMakeFiles/cmTC_06466.dir/build
make[1]: Entering directory '/home/pi/opencv_all/opencv-4.1.0/build/CMakeFiles/CMakeTmp'
Building CXX object CMakeFiles/cmTC_06466.dir/src.cxx.o
/usr/bin/arm-linux-gnueabihf-g++    -fsigned-char -W -Wall -Werror=return-type -Werror=non-virtual-dtor -Werror=address -Werror=sequence-point -Wformat -Werror=format-security -Winit-self -Wpointer-arith -Wuninitialized -Winit-self -Wsuggest-override -Wno-delete-non-virtual-dtor -Wno-comment -Wimplicit-fallthrough=3 -Wno-strict-overflow -fdiagnostics-show-option -pthread -fomit-frame-pointer -ffunction-sections -fdata-sections  -mfpu=neon -mfp16-format=ieee -fvisibility=hidden -fvisibility-inlines-hidden -Wno-deprecated -Wno-missing-declarations -Wno-shadow -Wno-unused-parameter -Wno-unused-local-typedefs -Wno-sign-compare -Wno-sign-promo -Wno-undef -Wno-ignored-qualifiers -Wno-extra -Wno-unused-function -Wno-unused-const-variable -Wno-invalid-offsetof  -O3 -DNDEBUG -fPIE    -Wno-enum-compare-switch -std=c++11 -o CMakeFiles/cmTC_06466.dir/src.cxx.o -c /home/pi/opencv_all/opencv-4.1.0/build/CMakeFiles/CMakeTmp/src.cxx
/home/pi/opencv_all/opencv-4.1.0/build/CMakeFiles/CMakeTmp/src.cxx:1: warning: ignoring #pragma   [-Wunknown-pragmas]
 #pragma
 
cc1plus: warning: unrecognized command line option ‘-Wno-enum-compare-switch’
Linking CXX executable cmTC_06466
/usr/bin/cmake -E cmake_link_script CMakeFiles/cmTC_06466.dir/link.txt --verbose=1
/usr/bin/arm-linux-gnueabihf-g++     -fsigned-char -W -Wall -Werror=return-type -Werror=non-virtual-dtor -Werror=address -Werror=sequence-point -Wformat -Werror=format-security -Winit-self -Wpointer-arith -Wuninitialized -Winit-self -Wsuggest-override -Wno-delete-non-virtual-dtor -Wno-comment -Wimplicit-fallthrough=3 -Wno-strict-overflow -fdiagnostics-show-option -pthread -fomit-frame-pointer -ffunction-sections -fdata-sections  -mfpu=neon -mfp16-format=ieee -fvisibility=hidden -fvisibility-inlines-hidden -Wno-deprecated -Wno-missing-declarations -Wno-shadow -Wno-unused-parameter -Wno-unused-local-typedefs -Wno-sign-compare -Wno-sign-promo -Wno-undef -Wno-ignored-qualifiers -Wno-extra -Wno-unused-function -Wno-unused-const-variable -Wno-invalid-offsetof  -O3 -DNDEBUG    -Wl,--gc-sections  CMakeFiles/cmTC_06466.dir/src.cxx.o  -o cmTC_06466 
make[1]: Leaving directory '/home/pi/opencv_all/opencv-4.1.0/build/CMakeFiles/CMakeTmp'


===== END =====

Determining if the include file sys/videoio.h exists failed with the following output:
Change Dir: /home/pi/opencv_all/opencv-4.1.0/build/CMakeFiles/CMakeTmp

Run Build Command(s):/usr/bin/make cmTC_4e9d1/fast && /usr/bin/make -f CMakeFiles/cmTC_4e9d1.dir/build.make CMakeFiles/cmTC_4e9d1.dir/build
make[1]: Entering directory '/home/pi/opencv_all/opencv-4.1.0/build/CMakeFiles/CMakeTmp'
Building C object CMakeFiles/cmTC_4e9d1.dir/CheckIncludeFile.c.o
/usr/bin/arm-linux-gnueabihf-gcc   -fsigned-char -W -Wall -Werror=return-type -Werror=non-virtual-dtor -Werror=address -Werror=sequence-point -Wformat -Werror=format-security -Wmissing-declarations -Wmissing-prototypes -Wstrict-prototypes -Wundef -Winit-self -Wpointer-arith -Wshadow -Wuninitialized -Winit-self -Wno-comment -Wimplicit-fallthrough=3 -Wno-strict-overflow -fdiagnostics-show-option -pthread -fomit-frame-pointer -ffunction-sections -fdata-sections  -mfpu=neon -mfp16-format=ieee -fvisibility=hidden  -O3 -DNDEBUG -fPIE   -o CMakeFiles/cmTC_4e9d1.dir/CheckIncludeFile.c.o   -c /home/pi/opencv_all/opencv-4.1.0/build/CMakeFiles/CMakeTmp/CheckIncludeFile.c
/home/pi/opencv_all/opencv-4.1.0/build/CMakeFiles/CMakeTmp/CheckIncludeFile.c:1:10: fatal error: sys/videoio.h: No such file or directory
 #include <sys/videoio.h>
          ^~~~~~~~~~~~~~~
compilation terminated.
make[1]: *** [CMakeFiles/cmTC_4e9d1.dir/build.make:66: CMakeFiles/cmTC_4e9d1.dir/CheckIncludeFile.c.o] Error 1
make[1]: Leaving directory '/home/pi/opencv_all/opencv-4.1.0/build/CMakeFiles/CMakeTmp'
make: *** [Makefile:121: cmTC_4e9d1/fast] Error 2



Build output check failed:
    Regex: 'unrecognized .*option'
    Output line: 'cc1plus: warning: unrecognized command line option ‘-Wno-unused-private-field’'
Compilation failed:
    source file: '/home/pi/opencv_all/opencv-4.1.0/build/CMakeFiles/CMakeTmp/src.cxx'
    check option: ' -Wno-unused-private-field'
===== BUILD LOG =====
Change Dir: /home/pi/opencv_all/opencv-4.1.0/build/CMakeFiles/CMakeTmp

Run Build Command(s):/usr/bin/make cmTC_ff340/fast && /usr/bin/make -f CMakeFiles/cmTC_ff340.dir/build.make CMakeFiles/cmTC_ff340.dir/build
make[1]: Entering directory '/home/pi/opencv_all/opencv-4.1.0/build/CMakeFiles/CMakeTmp'
Building CXX object CMakeFiles/cmTC_ff340.dir/src.cxx.o
/usr/bin/arm-linux-gnueabihf-g++    -fsigned-char -W -Wall -Werror=return-type -Werror=non-virtual-dtor -Werror=address -Werror=sequence-point -Wformat -Werror=format-security -Wmissing-declarations -Wundef -Winit-self -Wpointer-arith -Wshadow -Wsign-promo -Wuninitialized -Winit-self -Wsuggest-override -Wno-delete-non-virtual-dtor -Wno-comment -Wimplicit-fallthrough=3 -Wno-strict-overflow -fdiagnostics-show-option -pthread -fomit-frame-pointer -ffunction-sections -fdata-sections  -mfpu=neon -mfp16-format=ieee -fvisibility=hidden -fvisibility-inlines-hidden -Wno-unused-function -Wno-deprecated-declarations -Wno-overloaded-virtual  -O3 -DNDEBUG -fPIE    -Wno-unused-private-field -std=c++11 -o CMakeFiles/cmTC_ff340.dir/src.cxx.o -c /home/pi/opencv_all/opencv-4.1.0/build/CMakeFiles/CMakeTmp/src.cxx
/home/pi/opencv_all/opencv-4.1.0/build/CMakeFiles/CMakeTmp/src.cxx:1: warning: ignoring #pragma   [-Wunknown-pragmas]
 #pragma
 
cc1plus: warning: unrecognized command line option ‘-Wno-unused-private-field’
Linking CXX executable cmTC_ff340
/usr/bin/cmake -E cmake_link_script CMakeFiles/cmTC_ff340.dir/link.txt --verbose=1
/usr/bin/arm-linux-gnueabihf-g++     -fsigned-char -W -Wall -Werror=return-type -Werror=non-virtual-dtor -Werror=address -Werror=sequence-point -Wformat -Werror=format-security -Wmissing-declarations -Wundef -Winit-self -Wpointer-arith -Wshadow -Wsign-promo -Wuninitialized -Winit-self -Wsuggest-override -Wno-delete-non-virtual-dtor -Wno-comment -Wimplicit-fallthrough=3 -Wno-strict-overflow -fdiagnostics-show-option -pthread -fomit-frame-pointer -ffunction-sections -fdata-sections  -mfpu=neon -mfp16-format=ieee -fvisibility=hidden -fvisibility-inlines-hidden -Wno-unused-function -Wno-deprecated-declarations -Wno-overloaded-virtual  -O3 -DNDEBUG    -Wl,--gc-sections  CMakeFiles/cmTC_ff340.dir/src.cxx.o  -o cmTC_ff340 
make[1]: Leaving directory '/home/pi/opencv_all/opencv-4.1.0/build/CMakeFiles/CMakeTmp'


===== END =====

